
68837
555
9532
Traceback (most recent call last):
  File "/home/master/fedi_bots/freebooksbot.py", line 78, in <module>
    [prepared_toot,media_link] = TootFramer.gutenburg()
  File "/home/master/fedi_bots/freebooksbot.py", line 65, in gutenburg
    book_cover = soup.find("img",{"class":"cover-art"})['src']
TypeError: 'NoneType' object is not subscriptable
2792
66122
13758
33465
6558
62188
58115
52603
13531
22420
4308
21766
7473
32141
4061
50094
48544
61791
21797
17703
1293
38927
23476
38371
17989
67715
51507
19052
32262
3180
54205
27303
28183
30922
760
46827
41736
15222
60994
61299
22752
58763
45081
62163
54678
40486
31332
60974
64663
27005
10750
66783
25899
61933
33863
50331
55366
68901
38706
32607
37703
68885
24334
6803
2659
12002
48277
18235
20480
44608
59990
44523
4218
19802
45161
56517
2586
67107
18157
35235
67340
43456
32197
59117
